<?xml version="1.0" encoding="UTF-8"?>
<testng-results ignored="0" total="1" passed="1" failed="0" skipped="0">
  <reporter-output>
  </reporter-output>
  <suite started-at="2024-12-22T11:50:41 IST" name="Suite" finished-at="2024-12-22T11:51:01 IST" duration-ms="20299">
    <groups>
    </groups>
    <test started-at="2024-12-22T11:50:41 IST" name="Test" finished-at="2024-12-22T11:51:01 IST" duration-ms="20299">
      <class name="simple.FacebookLogin">
        <test-method signature="login()[pri:0, instance:simple.FacebookLogin@55b699ef]" started-at="2024-12-22T11:50:41 IST" name="login" finished-at="2024-12-22T11:51:01 IST" duration-ms="20222" status="PASS">
          <reporter-output>
          </reporter-output>
        </test-method> <!-- login -->
      </class> <!-- simple.FacebookLogin -->
    </test> <!-- Test -->
  </suite> <!-- Suite -->
</testng-results>
